;  LST file generated by mikroListExporter - v.2.0 
; Date/Time: 2.05.2021 14:08:38
;----------------------------------------------

;Address Opcode 	ASM
0x0000	0x2803      	GOTO       3
_main:
;button.c,15 :: 		void main() {
;button.c,17 :: 		TRISA=0b00000000;
0x0003	0x1683      	BSF        STATUS, 5
0x0004	0x1303      	BCF        STATUS, 6
0x0005	0x0185      	CLRF       TRISA
;button.c,18 :: 		TRISB=0B00000011;
0x0006	0x3003      	MOVLW      3
0x0007	0x0086      	MOVWF      TRISB
;button.c,20 :: 		CMCON=7;
0x0008	0x3007      	MOVLW      7
0x0009	0x1283      	BCF        STATUS, 5
0x000A	0x009F      	MOVWF      CMCON
;button.c,22 :: 		PORTA=0;
0x000B	0x0185      	CLRF       PORTA
;button.c,23 :: 		PORTB=0;
0x000C	0x0186      	CLRF       PORTB
;button.c,25 :: 		while(1)
L_main0:
;button.c,27 :: 		if(yakbuton==1)// = if(portb.rbo)
0x000D	0x1C06      	BTFSS      PORTB, 0
0x000E	0x2813      	GOTO       L_main2
;button.c,29 :: 		led=1;
0x000F	0x1405      	BSF        PORTA, 0
;button.c,30 :: 		while(yakbuton);  //yakbutonunu býrakana kadar bekle
L_main3:
0x0010	0x1C06      	BTFSS      PORTB, 0
0x0011	0x2813      	GOTO       L_main4
0x0012	0x2810      	GOTO       L_main3
L_main4:
;button.c,31 :: 		}
L_main2:
;button.c,32 :: 		if(sondurbuton==1)
0x0013	0x1C86      	BTFSS      PORTB, 1
0x0014	0x2819      	GOTO       L_main5
;button.c,34 :: 		led=0;
0x0015	0x1005      	BCF        PORTA, 0
;button.c,35 :: 		while(sondurbuton);
L_main6:
0x0016	0x1C86      	BTFSS      PORTB, 1
0x0017	0x2819      	GOTO       L_main7
0x0018	0x2816      	GOTO       L_main6
L_main7:
;button.c,36 :: 		}
L_main5:
;button.c,38 :: 		}
0x0019	0x280D      	GOTO       L_main0
;button.c,55 :: 		}
L_end_main:
0x001A	0x281A      	GOTO       $+0
; end of _main
Symbol List:
//** Routines locations **
//ADDRESS    SIZE    PROCEDURE
//----------------------------------------------
0x0003      [24]    _main
//** Variables locations ** 
//ADDRESS    SIZE    VARIABLE
//----------------------------------------------
0x0000       [1]    INDF
0x0003       [1]    STATUS
0x0004       [1]    FSR
0x0005       [1]    PORTA
0x0006       [1]    PORTB
0x000A       [1]    PCLATH
0x001F       [1]    CMCON
0x0020       [2]    ___DoICPAddr
0x0070       [1]    R0
0x0071       [1]    R1
0x0072       [1]    R2
0x0073       [1]    R3
0x0074       [1]    R4
0x0075       [1]    R5
0x0076       [1]    R6
0x0077       [1]    R7
0x0078       [1]    R8
0x0079       [1]    R9
0x007A       [1]    R10
0x007B       [1]    R11
0x007C       [1]    R12
0x007D       [1]    R13
0x007E       [1]    R14
0x007F       [1]    R15
0x0085       [1]    TRISA
0x0086       [1]    TRISB
