;  LST file generated by mikroListExporter - v.2.0 
; Date/Time: 2.05.2021 20:31:04
;----------------------------------------------

;Address Opcode 	ASM
0x0000	0x2816      	GOTO       22
_____DoICP:
;__Lib_System.c,6 :: 		
;__Lib_System.c,9 :: 		
0x0003	0x1283      	BCF        STATUS, 5
0x0004	0x1303      	BCF        STATUS, 6
0x0005	0x0822      	MOVF       ___DoICPAddr+1, 0
0x0006	0x008A      	MOVWF      PCLATH
;__Lib_System.c,10 :: 		
0x0007	0x0821      	MOVF       ___DoICPAddr, 0
0x0008	0x0082      	MOVWF      PCL
;__Lib_System.c,12 :: 		
L_end_____DoICP:
0x0009	0x0008      	RETURN
; end of _____DoICP
___CC2DW:
;__Lib_System.c,134 :: 		
;__Lib_System.c,137 :: 		
_CC2D_Loop1:
;__Lib_System.c,139 :: 		
0x000A	0x2003      	CALL       _____DoICP
0x000B	0x118A      	BCF        PCLATH, 3
0x000C	0x120A      	BCF        PCLATH, 4
;__Lib_System.c,141 :: 		
0x000D	0x0080      	MOVWF      INDF
;__Lib_System.c,142 :: 		
0x000E	0x0A84      	INCF       FSR, 1
;__Lib_System.c,143 :: 		
0x000F	0x0AA1      	INCF       ___DoICPAddr, 1
;__Lib_System.c,145 :: 		
0x0010	0x1903      	BTFSC      STATUS, 2
;__Lib_System.c,146 :: 		
0x0011	0x0AA2      	INCF       ___DoICPAddr+1, 1
;__Lib_System.c,147 :: 		
0x0012	0x03F0      	DECF       R0, 1
;__Lib_System.c,149 :: 		
0x0013	0x1D03      	BTFSS      STATUS, 2
;__Lib_System.c,150 :: 		
0x0014	0x280A      	GOTO       _CC2D_Loop1
;__Lib_System.c,152 :: 		
L_end___CC2DW:
0x0015	0x0008      	RETURN
; end of ___CC2DW
_main:
0x0016	0x1283      	BCF        STATUS, 5
0x0017	0x1303      	BCF        STATUS, 6
0x0018	0x01A0      	CLRF       _i
;_switch.c,3 :: 		void main() {
;_switch.c,4 :: 		TRISA=0B00000001;
0x0019	0x3001      	MOVLW      1
0x001A	0x1683      	BSF        STATUS, 5
0x001B	0x0085      	MOVWF      TRISA
;_switch.c,5 :: 		TRISB=0;
0x001C	0x0186      	CLRF       TRISB
;_switch.c,7 :: 		CMCON=7;
0x001D	0x3007      	MOVLW      7
0x001E	0x1283      	BCF        STATUS, 5
0x001F	0x009F      	MOVWF      CMCON
;_switch.c,9 :: 		PORTA=0;
0x0020	0x0185      	CLRF       PORTA
;_switch.c,10 :: 		PORTB=0;
0x0021	0x0186      	CLRF       PORTB
;_switch.c,12 :: 		while(1)
L_main0:
;_switch.c,14 :: 		if(PORTA.RA0==1)
0x0022	0x1C05      	BTFSS      PORTA, 0
0x0023	0x2825      	GOTO       L_main2
;_switch.c,16 :: 		i=i+1;
0x0024	0x0AA0      	INCF       _i, 1
;_switch.c,18 :: 		}
L_main2:
;_switch.c,19 :: 		while(PORTA.RA0);
L_main3:
0x0025	0x1C05      	BTFSS      PORTA, 0
0x0026	0x2828      	GOTO       L_main4
0x0027	0x2825      	GOTO       L_main3
L_main4:
;_switch.c,21 :: 		switch(i)
0x0028	0x2832      	GOTO       L_main5
;_switch.c,23 :: 		case 1:
L_main7:
;_switch.c,24 :: 		PORTB.RB0=1;
0x0029	0x1406      	BSF        PORTB, 0
;_switch.c,25 :: 		break;
0x002A	0x2842      	GOTO       L_main6
;_switch.c,26 :: 		case 2:
L_main8:
;_switch.c,27 :: 		PORTB.RB1=1;
0x002B	0x1486      	BSF        PORTB, 1
;_switch.c,28 :: 		break;
0x002C	0x2842      	GOTO       L_main6
;_switch.c,29 :: 		case 3:
L_main9:
;_switch.c,30 :: 		PORTB.RB2=1;
0x002D	0x1506      	BSF        PORTB, 2
;_switch.c,31 :: 		break;
0x002E	0x2842      	GOTO       L_main6
;_switch.c,32 :: 		case 4:
L_main10:
;_switch.c,33 :: 		PORTB=0;
0x002F	0x0186      	CLRF       PORTB
;_switch.c,34 :: 		i=0;
0x0030	0x01A0      	CLRF       _i
;_switch.c,35 :: 		break;
0x0031	0x2842      	GOTO       L_main6
;_switch.c,38 :: 		}
L_main5:
0x0032	0x0820      	MOVF       _i, 0
0x0033	0x3A01      	XORLW      1
0x0034	0x1903      	BTFSC      STATUS, 2
0x0035	0x2829      	GOTO       L_main7
0x0036	0x0820      	MOVF       _i, 0
0x0037	0x3A02      	XORLW      2
0x0038	0x1903      	BTFSC      STATUS, 2
0x0039	0x282B      	GOTO       L_main8
0x003A	0x0820      	MOVF       _i, 0
0x003B	0x3A03      	XORLW      3
0x003C	0x1903      	BTFSC      STATUS, 2
0x003D	0x282D      	GOTO       L_main9
0x003E	0x0820      	MOVF       _i, 0
0x003F	0x3A04      	XORLW      4
0x0040	0x1903      	BTFSC      STATUS, 2
0x0041	0x282F      	GOTO       L_main10
L_main6:
;_switch.c,40 :: 		}
0x0042	0x2822      	GOTO       L_main0
;_switch.c,43 :: 		}
L_end_main:
0x0043	0x2843      	GOTO       $+0
; end of _main
Symbol List:
//** Routines locations **
//ADDRESS    SIZE    PROCEDURE
//----------------------------------------------
0x0003       [7]    _____DoICP
0x000A      [12]    ___CC2DW
0x0016      [46]    _main
//** Variables locations ** 
//ADDRESS    SIZE    VARIABLE
//----------------------------------------------
0x0000       [1]    INDF
0x0002       [1]    PCL
0x0003       [1]    STATUS
0x0004       [1]    FSR
0x0005       [1]    PORTA
0x0006       [1]    PORTB
0x000A       [1]    PCLATH
0x001F       [1]    CMCON
0x0020       [1]    _i
0x0021       [2]    ___DoICPAddr
0x0070       [1]    R0
0x0071       [1]    R1
0x0072       [1]    R2
0x0073       [1]    R3
0x0074       [1]    R4
0x0075       [1]    R5
0x0076       [1]    R6
0x0077       [1]    R7
0x0078       [1]    R8
0x0079       [1]    R9
0x007A       [1]    R10
0x007B       [1]    R11
0x007C       [1]    R12
0x007D       [1]    R13
0x007E       [1]    R14
0x007F       [1]    R15
0x0085       [1]    TRISA
0x0086       [1]    TRISB
